2025-01-14 21:27:10.392 [info] Added views:outline in workbench.view.explorer
2025-01-14 21:27:10.392 [info] Added views:workbench.view.search in workbench.view.search
2025-01-14 21:27:10.392 [info] Added views:workbench.scm in workbench.view.scm
2025-01-14 21:27:10.392 [info] Added views:workbench.panel.markers.view in workbench.panel.markers
2025-01-14 21:27:10.392 [info] Added views:workbench.panel.output in workbench.panel.output
2025-01-14 21:27:10.392 [info] Added views:terminal in terminal
2025-01-14 21:27:10.392 [info] Added views:timeline in workbench.view.explorer
2025-01-14 21:27:10.392 [info] Added views:workbench.explorer.fileView in workbench.view.explorer
2025-01-14 21:27:10.900 [info] Added views:workbench.debug.variablesView,workbench.debug.watchExpressionsView,workbench.debug.callStackView,workbench.debug.breakPointsView in workbench.view.debug
2025-01-14 21:27:15.448 [info] Added views:~remote.forwardedPorts in ~remote.forwardedPortsContainer
2025-01-14 21:27:16.677 [info] Added views:workbench.panel.repl.view in workbench.panel.repl
2025-01-14 21:28:28.159 [info] Added views:outline in workbench.view.explorer
2025-01-14 21:28:28.159 [info] Added views:workbench.view.search in workbench.view.search
2025-01-14 21:28:28.159 [info] Added views:workbench.scm in workbench.view.scm
2025-01-14 21:28:28.159 [info] Added views:workbench.panel.markers.view in workbench.panel.markers
2025-01-14 21:28:28.159 [info] Added views:workbench.panel.output in workbench.panel.output
2025-01-14 21:28:28.159 [info] Added views:terminal in terminal
2025-01-14 21:28:28.159 [info] Added views:timeline in workbench.view.explorer
2025-01-14 21:28:28.159 [info] Added views:workbench.explorer.fileView in workbench.view.explorer
2025-01-14 21:28:30.376 [info] Added views:workbench.debug.variablesView,workbench.debug.watchExpressionsView,workbench.debug.callStackView,workbench.debug.breakPointsView in workbench.view.debug
2025-01-14 21:28:30.514 [info] Added views:~remote.forwardedPorts in ~remote.forwardedPortsContainer
2025-01-14 21:28:30.536 [info] Added views:workbench.panel.repl.view in workbench.panel.repl
2025-01-14 21:28:30.539 [info] Removed views:workbench.debug.breakPointsView,workbench.debug.callStackView,workbench.debug.watchExpressionsView,workbench.debug.variablesView from workbench.view.debug
2025-01-14 21:28:30.540 [info] Added views:workbench.debug.welcome in workbench.view.debug
2025-01-14 21:29:47.067 [info] Added views:workbench.views.extensions.installed,workbench.views.extensions.popular,extensions.recommendedList in workbench.view.extensions
2025-01-14 21:29:47.072 [info] Removed views:workbench.views.extensions.popular from workbench.view.extensions
2025-01-14 21:29:50.850 [info] Removed views:extensions.recommendedList,workbench.views.extensions.installed from workbench.view.extensions
2025-01-14 21:29:50.868 [info] Added views:workbench.views.extensions.marketplace in workbench.view.extensions
