2025-01-13 13:53:00.887 [info] Added views:outline in workbench.view.explorer
2025-01-13 13:53:00.887 [info] Added views:workbench.view.search in workbench.view.search
2025-01-13 13:53:00.887 [info] Added views:workbench.scm in workbench.view.scm
2025-01-13 13:53:00.887 [info] Added views:workbench.panel.markers.view in workbench.panel.markers
2025-01-13 13:53:00.887 [info] Added views:workbench.panel.output in workbench.panel.output
2025-01-13 13:53:00.887 [info] Added views:terminal in terminal
2025-01-13 13:53:00.887 [info] Added views:timeline in workbench.view.explorer
2025-01-13 13:53:00.887 [info] Added views:workbench.explorer.emptyView in workbench.view.explorer
2025-01-13 13:53:02.844 [info] Added views:workbench.debug.welcome in workbench.view.debug
2025-01-13 13:53:04.426 [info] Added views:~remote.forwardedPorts in ~remote.forwardedPortsContainer
2025-01-13 13:53:07.392 [info] Added views:workbench.panel.repl.view in workbench.panel.repl
2025-01-13 13:53:22.197 [info] Added views:workbench.views.extensions.installed,workbench.views.extensions.popular,extensions.recommendedList in workbench.view.extensions
2025-01-13 13:53:22.201 [info] Removed views:workbench.views.extensions.popular from workbench.view.extensions
2025-01-13 13:53:22.828 [info] Added views:workbench.views.extensions.popular in workbench.view.extensions
2025-01-13 13:53:23.198 [info] Removed views:extensions.recommendedList,workbench.views.extensions.popular,workbench.views.extensions.installed from workbench.view.extensions
2025-01-13 13:53:23.218 [info] Added views:workbench.views.extensions.marketplace in workbench.view.extensions
2025-01-13 13:53:42.235 [info] Removed views:workbench.views.extensions.marketplace from workbench.view.extensions
2025-01-13 13:53:42.265 [info] Added views:workbench.views.extensions.installed,workbench.views.extensions.popular,extensions.recommendedList in workbench.view.extensions
2025-01-13 13:53:45.247 [info] Removed views:extensions.recommendedList,workbench.views.extensions.popular,workbench.views.extensions.installed from workbench.view.extensions
2025-01-13 13:53:45.264 [info] Added views:workbench.views.extensions.marketplace in workbench.view.extensions
2025-01-13 13:53:51.563 [info] Removed views:workbench.views.extensions.marketplace from workbench.view.extensions
2025-01-13 13:53:51.591 [info] Added views:workbench.views.extensions.installed,workbench.views.extensions.popular,extensions.recommendedList in workbench.view.extensions
2025-01-13 13:53:53.048 [info] Removed views:extensions.recommendedList,workbench.views.extensions.popular,workbench.views.extensions.installed from workbench.view.extensions
2025-01-13 13:53:53.065 [info] Added views:workbench.views.extensions.marketplace in workbench.view.extensions
2025-01-13 13:54:13.920 [info] Removed views:workbench.views.extensions.marketplace from workbench.view.extensions
2025-01-13 13:54:13.950 [info] Added views:workbench.views.extensions.installed,workbench.views.extensions.popular,extensions.recommendedList in workbench.view.extensions
2025-01-13 13:54:16.550 [info] Removed views:extensions.recommendedList,workbench.views.extensions.popular,workbench.views.extensions.installed from workbench.view.extensions
2025-01-13 13:54:16.567 [info] Added views:workbench.views.extensions.marketplace in workbench.view.extensions
2025-01-13 13:54:32.915 [info] Removed views:workbench.views.extensions.marketplace from workbench.view.extensions
2025-01-13 13:54:32.946 [info] Added views:workbench.views.extensions.installed,workbench.views.extensions.popular,extensions.recommendedList in workbench.view.extensions
2025-01-13 13:54:34.178 [info] Removed views:extensions.recommendedList,workbench.views.extensions.popular,workbench.views.extensions.installed from workbench.view.extensions
2025-01-13 13:54:34.194 [info] Added views:workbench.views.extensions.marketplace in workbench.view.extensions
2025-01-13 13:54:56.845 [info] Removed views:workbench.views.extensions.marketplace from workbench.view.extensions
2025-01-13 13:54:56.871 [info] Added views:workbench.views.extensions.installed,workbench.views.extensions.popular,extensions.recommendedList in workbench.view.extensions
2025-01-13 13:55:09.203 [info] Removed views:extensions.recommendedList,workbench.views.extensions.popular,workbench.views.extensions.installed from workbench.view.extensions
2025-01-13 13:55:09.215 [info] Added views:workbench.views.extensions.marketplace in workbench.view.extensions
2025-01-13 13:56:03.883 [info] Added views:outline in workbench.view.explorer
2025-01-13 13:56:03.883 [info] Added views:workbench.view.search in workbench.view.search
2025-01-13 13:56:03.883 [info] Added views:workbench.scm in workbench.view.scm
2025-01-13 13:56:03.883 [info] Added views:workbench.panel.markers.view in workbench.panel.markers
2025-01-13 13:56:03.883 [info] Added views:workbench.panel.output in workbench.panel.output
2025-01-13 13:56:03.883 [info] Added views:terminal in terminal
2025-01-13 13:56:03.883 [info] Added views:timeline in workbench.view.explorer
2025-01-13 13:56:03.883 [info] Added views:workbench.explorer.fileView in workbench.view.explorer
2025-01-13 13:56:04.559 [info] Added views:workbench.debug.variablesView,workbench.debug.watchExpressionsView,workbench.debug.callStackView,workbench.debug.breakPointsView in workbench.view.debug
2025-01-13 13:56:04.849 [info] Added views:workbench.panel.repl.view in workbench.panel.repl
2025-01-13 13:56:04.851 [info] Removed views:workbench.debug.breakPointsView,workbench.debug.callStackView,workbench.debug.watchExpressionsView,workbench.debug.variablesView from workbench.view.debug
2025-01-13 13:56:04.851 [info] Added views:workbench.debug.welcome in workbench.view.debug
2025-01-13 13:56:04.883 [info] Added views:~remote.forwardedPorts in ~remote.forwardedPortsContainer
2025-01-13 13:59:03.352 [info] Added views:workbench.views.extensions.installed,workbench.views.extensions.popular,extensions.recommendedList in workbench.view.extensions
2025-01-13 13:59:03.356 [info] Removed views:workbench.views.extensions.popular from workbench.view.extensions
2025-01-13 13:59:08.451 [info] Removed views:extensions.recommendedList,workbench.views.extensions.installed from workbench.view.extensions
2025-01-13 13:59:08.467 [info] Added views:workbench.views.extensions.marketplace in workbench.view.extensions
2025-01-13 13:59:33.946 [info] Removed views:workbench.views.extensions.marketplace from workbench.view.extensions
2025-01-13 13:59:33.965 [info] Added views:workbench.views.extensions.installed,extensions.recommendedList in workbench.view.extensions
2025-01-13 14:01:12.813 [info] Added views:workbench.debug.breakPointsView in workbench.view.debug
2025-01-13 14:01:44.555 [info] Removed views:extensions.recommendedList,workbench.views.extensions.installed from workbench.view.extensions
2025-01-13 14:01:44.567 [info] Added views:workbench.views.extensions.marketplace in workbench.view.extensions
2025-01-13 14:01:55.322 [info] Removed views:workbench.debug.welcome from workbench.view.debug
2025-01-13 14:01:55.327 [info] Added views:workbench.debug.variablesView,workbench.debug.watchExpressionsView,workbench.debug.callStackView in workbench.view.debug
2025-01-13 14:02:56.858 [info] Removed views:workbench.views.extensions.marketplace from workbench.view.extensions
2025-01-13 14:02:56.871 [info] Added views:workbench.views.extensions.installed,extensions.recommendedList in workbench.view.extensions
2025-01-13 14:04:34.152 [info] Removed views:extensions.recommendedList,workbench.views.extensions.installed from workbench.view.extensions
2025-01-13 14:04:34.160 [info] Added views:workbench.views.extensions.marketplace in workbench.view.extensions
2025-01-13 14:04:40.432 [info] Removed views:workbench.views.extensions.marketplace from workbench.view.extensions
2025-01-13 14:04:40.452 [info] Added views:workbench.views.extensions.installed,extensions.recommendedList in workbench.view.extensions
2025-01-13 14:04:41.370 [info] Removed views:extensions.recommendedList,workbench.views.extensions.installed from workbench.view.extensions
2025-01-13 14:04:41.385 [info] Added views:workbench.views.extensions.marketplace in workbench.view.extensions
2025-01-13 14:20:50.793 [info] Removed views:workbench.views.extensions.marketplace from workbench.view.extensions
2025-01-13 14:20:50.809 [info] Added views:workbench.views.extensions.installed,extensions.recommendedList in workbench.view.extensions
