2025-01-14 21:27:21.667 [info] [main] Log level: Info
2025-01-14 21:27:21.668 [info] [main] Validating found git in: "git"
2025-01-14 21:27:21.668 [info] [main] Using git "2.48.0" from "git"
2025-01-14 21:27:21.668 [info] [Model][doInitialScan] Initial repository scan started
2025-01-14 21:27:21.668 [info] > git rev-parse --show-toplevel [60ms]
2025-01-14 21:27:21.668 [info] fatal: not a git repository (or any of the parent directories): .git
2025-01-14 21:27:21.668 [info] > git rev-parse --show-toplevel [31ms]
2025-01-14 21:27:21.668 [info] fatal: not a git repository (or any of the parent directories): .git
2025-01-14 21:27:21.684 [info] > git rev-parse --show-toplevel [3ms]
2025-01-14 21:27:21.684 [info] fatal: not a git repository (or any of the parent directories): .git
2025-01-14 21:27:21.685 [info] [Model][doInitialScan] Initial repository scan completed - repositories (0), closed repositories (0), parent repositories (0), unsafe repositories (0)
2025-01-14 21:28:31.352 [info] [main] Log level: Info
2025-01-14 21:28:31.352 [info] [main] Validating found git in: "git"
2025-01-14 21:28:31.352 [info] [main] Using git "2.48.0" from "git"
2025-01-14 21:28:31.352 [info] [Model][doInitialScan] Initial repository scan started
2025-01-14 21:28:31.352 [info] > git rev-parse --show-toplevel [26ms]
2025-01-14 21:28:31.352 [info] fatal: not a git repository (or any of the parent directories): .git
2025-01-14 21:28:31.352 [info] [Model][doInitialScan] Initial repository scan completed - repositories (0), closed repositories (0), parent repositories (0), unsafe repositories (0)
2025-01-14 21:28:31.913 [info] > git rev-parse --show-toplevel [18ms]
2025-01-14 21:28:31.913 [info] fatal: not a git repository (or any of the parent directories): .git
2025-01-14 21:28:33.110 [info] > git rev-parse --show-toplevel [4ms]
2025-01-14 21:28:33.110 [info] fatal: not a git repository (or any of the parent directories): .git
2025-01-14 21:28:39.065 [info] > git rev-parse --show-toplevel [3ms]
2025-01-14 21:28:39.065 [info] fatal: not a git repository (or any of the parent directories): .git
2025-01-14 21:30:22.918 [info] > git rev-parse --show-toplevel [4ms]
2025-01-14 21:30:22.918 [info] fatal: not a git repository (or any of the parent directories): .git
2025-01-14 21:30:47.843 [info] > git rev-parse --show-toplevel [18ms]
2025-01-14 21:30:47.843 [info] fatal: not a git repository (or any of the parent directories): .git
2025-01-14 21:30:54.026 [info] > git rev-parse --show-toplevel [3ms]
2025-01-14 21:30:54.026 [info] fatal: not a git repository (or any of the parent directories): .git
2025-01-15 11:14:14.241 [info] > git rev-parse --show-toplevel [2ms]
2025-01-15 11:14:14.241 [info] fatal: not a git repository (or any of the parent directories): .git
2025-01-15 11:14:15.186 [info] > git rev-parse --show-toplevel [7ms]
2025-01-15 11:14:15.186 [info] fatal: not a git repository (or any of the parent directories): .git
2025-01-15 11:14:34.456 [info] > git rev-parse --show-toplevel [2ms]
2025-01-15 11:14:34.456 [info] fatal: not a git repository (or any of the parent directories): .git
2025-01-15 11:14:58.283 [info] > git rev-parse --show-toplevel [8ms]
2025-01-15 11:14:58.283 [info] fatal: not a git repository (or any of the parent directories): .git
