2025-01-13 13:54:02.239 [info] Getting Manifest... devgauravjatt.github-catppuccin-dark
2025-01-13 13:54:04.034 [info] Installing extension: devgauravjatt.github-catppuccin-dark {"isMachineScoped":false,"installPreReleaseVersion":false,"pinned":false,"profileLocation":{"$mid":1,"external":"vscode-userdata:/home/blazzee/.vscode-oss/extensions/extensions.json","path":"/home/blazzee/.vscode-oss/extensions/extensions.json","scheme":"vscode-userdata"},"installOnlyNewlyAddedFromExtensionPack":true,"isApplicationScoped":false,"productVersion":{"version":"1.96.2","date":"2025-01-13T07:48:49.412Z"}}
2025-01-13 13:54:06.221 [info] Extracted extension to file:///home/blazzee/.vscode-oss/extensions/devgauravjatt.github-catppuccin-dark-1.0.0-universal: devgauravjatt.github-catppuccin-dark
2025-01-13 13:54:06.302 [info] Renamed to /home/blazzee/.vscode-oss/extensions/devgauravjatt.github-catppuccin-dark-1.0.0-universal
2025-01-13 13:54:06.373 [info] Extension installed successfully: devgauravjatt.github-catppuccin-dark vscode-userdata:/home/blazzee/.vscode-oss/extensions/extensions.json
2025-01-13 13:54:28.303 [info] Getting Manifest... auiworks.amvim
2025-01-13 13:54:29.254 [info] Installing extension: auiworks.amvim {"isMachineScoped":false,"installPreReleaseVersion":false,"pinned":false,"profileLocation":{"$mid":1,"external":"vscode-userdata:/home/blazzee/.vscode-oss/extensions/extensions.json","path":"/home/blazzee/.vscode-oss/extensions/extensions.json","scheme":"vscode-userdata"},"installOnlyNewlyAddedFromExtensionPack":true,"isApplicationScoped":false,"productVersion":{"version":"1.96.2","date":"2025-01-13T07:48:49.412Z"}}
2025-01-13 13:54:32.756 [info] Extracted extension to file:///home/blazzee/.vscode-oss/extensions/auiworks.amvim-1.37.0-universal: auiworks.amvim
2025-01-13 13:54:33.228 [info] Renamed to /home/blazzee/.vscode-oss/extensions/auiworks.amvim-1.37.0-universal
2025-01-13 13:54:33.373 [info] Extension installed successfully: auiworks.amvim vscode-userdata:/home/blazzee/.vscode-oss/extensions/extensions.json
2025-01-13 13:59:19.764 [info] Getting Manifest... formulahendry.code-runner
2025-01-13 13:59:21.792 [info] Installing extension: formulahendry.code-runner {"isMachineScoped":false,"installPreReleaseVersion":false,"pinned":false,"profileLocation":{"$mid":1,"external":"vscode-userdata:/home/blazzee/.vscode-oss/extensions/extensions.json","path":"/home/blazzee/.vscode-oss/extensions/extensions.json","scheme":"vscode-userdata"},"installOnlyNewlyAddedFromExtensionPack":true,"isApplicationScoped":false,"productVersion":{"version":"1.96.2","date":"2025-01-13T07:48:49.412Z"}}
2025-01-13 13:59:25.629 [info] Extracted extension to file:///home/blazzee/.vscode-oss/extensions/formulahendry.code-runner-0.12.2-universal: formulahendry.code-runner
2025-01-13 13:59:27.332 [info] Renamed to /home/blazzee/.vscode-oss/extensions/formulahendry.code-runner-0.12.2-universal
2025-01-13 13:59:27.452 [info] Extension installed successfully: formulahendry.code-runner vscode-userdata:/home/blazzee/.vscode-oss/extensions/extensions.json
2025-01-13 14:01:50.184 [info] Getting Manifest... franneck94.c-cpp-runner
2025-01-13 14:01:51.120 [info] Installing extension: franneck94.c-cpp-runner {"isMachineScoped":false,"installPreReleaseVersion":false,"pinned":false,"profileLocation":{"$mid":1,"external":"vscode-userdata:/home/blazzee/.vscode-oss/extensions/extensions.json","path":"/home/blazzee/.vscode-oss/extensions/extensions.json","scheme":"vscode-userdata"},"installOnlyNewlyAddedFromExtensionPack":true,"isApplicationScoped":false,"productVersion":{"version":"1.96.2","date":"2025-01-13T07:48:49.412Z"}}
2025-01-13 14:01:51.470 [info] Getting Manifest... vadimcn.vscode-lldb
2025-01-13 14:01:51.977 [info] Installing extension: vadimcn.vscode-lldb {"isMachineScoped":false,"installPreReleaseVersion":false,"pinned":false,"profileLocation":{"$mid":1,"external":"vscode-userdata:/home/blazzee/.vscode-oss/extensions/extensions.json","path":"/home/blazzee/.vscode-oss/extensions/extensions.json","scheme":"vscode-userdata"},"installOnlyNewlyAddedFromExtensionPack":true,"isApplicationScoped":false,"productVersion":{"version":"1.96.2","date":"2025-01-13T07:48:49.412Z"},"context":{"dependecyOrPackExtensionInstall":true}}
2025-01-13 14:01:53.543 [info] Extracted extension to file:///home/blazzee/.vscode-oss/extensions/vadimcn.vscode-lldb-1.11.1-universal: vadimcn.vscode-lldb
2025-01-13 14:01:53.625 [info] Renamed to /home/blazzee/.vscode-oss/extensions/vadimcn.vscode-lldb-1.11.1-universal
2025-01-13 14:01:54.110 [info] Extracted extension to file:///home/blazzee/.vscode-oss/extensions/franneck94.c-cpp-runner-9.4.7-universal: franneck94.c-cpp-runner
2025-01-13 14:01:54.196 [info] Renamed to /home/blazzee/.vscode-oss/extensions/franneck94.c-cpp-runner-9.4.7-universal
2025-01-13 14:01:54.339 [info] Extension installed successfully: vadimcn.vscode-lldb vscode-userdata:/home/blazzee/.vscode-oss/extensions/extensions.json
2025-01-13 14:01:54.339 [info] Extension installed successfully: franneck94.c-cpp-runner vscode-userdata:/home/blazzee/.vscode-oss/extensions/extensions.json
2025-01-13 14:08:32.373 [info] Getting Manifest... franneck94.vscode-c-cpp-dev-extension-pack
2025-01-13 14:08:33.926 [info] Installing extension: franneck94.vscode-c-cpp-dev-extension-pack {"isMachineScoped":false,"installPreReleaseVersion":false,"pinned":false,"profileLocation":{"$mid":1,"external":"vscode-userdata:/home/blazzee/.vscode-oss/extensions/extensions.json","path":"/home/blazzee/.vscode-oss/extensions/extensions.json","scheme":"vscode-userdata"},"installOnlyNewlyAddedFromExtensionPack":true,"isApplicationScoped":false,"productVersion":{"version":"1.96.2","date":"2025-01-13T07:48:49.412Z"}}
2025-01-13 14:08:34.338 [info] Getting Manifest... jeff-hykin.better-cpp-syntax
2025-01-13 14:08:34.848 [info] Getting Manifest... cheshirekow.cmake-format
2025-01-13 14:08:35.359 [info] Getting Manifest... bbenoist.doxygen
2025-01-13 14:08:35.871 [info] Getting Manifest... cschlosser.doxdocgen
2025-01-13 14:08:36.383 [info] Getting Manifest... twxs.cmake
2025-01-13 14:08:36.893 [info] Getting Manifest... vadimcn.vscode-lldb
2025-01-13 14:08:37.410 [info] Getting Manifest... franneck94.c-cpp-runner
2025-01-13 14:08:37.921 [info] Getting Manifest... franneck94.vscode-c-cpp-config
2025-01-13 14:08:38.431 [info] Getting Manifest... 13xforever.language-x86-64-assembly
2025-01-13 14:08:39.023 [info] Installing extension: jeff-hykin.better-cpp-syntax {"isMachineScoped":false,"installPreReleaseVersion":false,"pinned":false,"profileLocation":{"$mid":1,"external":"vscode-userdata:/home/blazzee/.vscode-oss/extensions/extensions.json","path":"/home/blazzee/.vscode-oss/extensions/extensions.json","scheme":"vscode-userdata"},"installOnlyNewlyAddedFromExtensionPack":true,"isApplicationScoped":false,"productVersion":{"version":"1.96.2","date":"2025-01-13T07:48:49.412Z"},"context":{"dependecyOrPackExtensionInstall":true}}
2025-01-13 14:08:39.024 [info] Installing extension: cheshirekow.cmake-format {"isMachineScoped":false,"installPreReleaseVersion":false,"pinned":false,"profileLocation":{"$mid":1,"external":"vscode-userdata:/home/blazzee/.vscode-oss/extensions/extensions.json","path":"/home/blazzee/.vscode-oss/extensions/extensions.json","scheme":"vscode-userdata"},"installOnlyNewlyAddedFromExtensionPack":true,"isApplicationScoped":false,"productVersion":{"version":"1.96.2","date":"2025-01-13T07:48:49.412Z"},"context":{"dependecyOrPackExtensionInstall":true}}
2025-01-13 14:08:39.025 [info] Installing extension: bbenoist.doxygen {"isMachineScoped":false,"installPreReleaseVersion":false,"pinned":false,"profileLocation":{"$mid":1,"external":"vscode-userdata:/home/blazzee/.vscode-oss/extensions/extensions.json","path":"/home/blazzee/.vscode-oss/extensions/extensions.json","scheme":"vscode-userdata"},"installOnlyNewlyAddedFromExtensionPack":true,"isApplicationScoped":false,"productVersion":{"version":"1.96.2","date":"2025-01-13T07:48:49.412Z"},"context":{"dependecyOrPackExtensionInstall":true}}
2025-01-13 14:08:39.025 [info] Installing extension: cschlosser.doxdocgen {"isMachineScoped":false,"installPreReleaseVersion":false,"pinned":false,"profileLocation":{"$mid":1,"external":"vscode-userdata:/home/blazzee/.vscode-oss/extensions/extensions.json","path":"/home/blazzee/.vscode-oss/extensions/extensions.json","scheme":"vscode-userdata"},"installOnlyNewlyAddedFromExtensionPack":true,"isApplicationScoped":false,"productVersion":{"version":"1.96.2","date":"2025-01-13T07:48:49.412Z"},"context":{"dependecyOrPackExtensionInstall":true}}
2025-01-13 14:08:39.026 [info] Installing extension: twxs.cmake {"isMachineScoped":false,"installPreReleaseVersion":false,"pinned":false,"profileLocation":{"$mid":1,"external":"vscode-userdata:/home/blazzee/.vscode-oss/extensions/extensions.json","path":"/home/blazzee/.vscode-oss/extensions/extensions.json","scheme":"vscode-userdata"},"installOnlyNewlyAddedFromExtensionPack":true,"isApplicationScoped":false,"productVersion":{"version":"1.96.2","date":"2025-01-13T07:48:49.412Z"},"context":{"dependecyOrPackExtensionInstall":true}}
2025-01-13 14:08:39.026 [info] Installing extension: franneck94.vscode-c-cpp-config {"isMachineScoped":false,"installPreReleaseVersion":false,"pinned":false,"profileLocation":{"$mid":1,"external":"vscode-userdata:/home/blazzee/.vscode-oss/extensions/extensions.json","path":"/home/blazzee/.vscode-oss/extensions/extensions.json","scheme":"vscode-userdata"},"installOnlyNewlyAddedFromExtensionPack":true,"isApplicationScoped":false,"productVersion":{"version":"1.96.2","date":"2025-01-13T07:48:49.412Z"},"context":{"dependecyOrPackExtensionInstall":true}}
2025-01-13 14:08:39.027 [info] Installing extension: 13xforever.language-x86-64-assembly {"isMachineScoped":false,"installPreReleaseVersion":false,"pinned":false,"profileLocation":{"$mid":1,"external":"vscode-userdata:/home/blazzee/.vscode-oss/extensions/extensions.json","path":"/home/blazzee/.vscode-oss/extensions/extensions.json","scheme":"vscode-userdata"},"installOnlyNewlyAddedFromExtensionPack":true,"isApplicationScoped":false,"productVersion":{"version":"1.96.2","date":"2025-01-13T07:48:49.412Z"},"context":{"dependecyOrPackExtensionInstall":true}}
2025-01-13 14:08:39.727 [info] Extracted extension to file:///home/blazzee/.vscode-oss/extensions/franneck94.vscode-c-cpp-dev-extension-pack-0.10.0-universal: franneck94.vscode-c-cpp-dev-extension-pack
2025-01-13 14:08:39.767 [info] Renamed to /home/blazzee/.vscode-oss/extensions/franneck94.vscode-c-cpp-dev-extension-pack-0.10.0-universal
2025-01-13 14:08:39.863 [error] [uncaught exception in sharedProcess]: Error: ENOENT: no such file or directory, stat '/home/blazzee/.vscode-oss/extensions/extensions.json.vsctmp': EntryNotFound (FileSystemError): Error: ENOENT: no such file or directory, stat '/home/blazzee/.vscode-oss/extensions/extensions.json.vsctmp'
    at Kv.create (file:///usr/share/vscodium/resources/app/out/vs/code/electron-utility/sharedProcess/sharedProcessMain.js:35:44554)
    at xi (file:///usr/share/vscodium/resources/app/out/vs/code/electron-utility/sharedProcess/sharedProcessMain.js:35:44661)
    at jn.toFileSystemProviderError (file:///usr/share/vscodium/resources/app/out/vs/code/electron-utility/sharedProcess/sharedProcessMain.js:78:28652)
    at jn.stat (file:///usr/share/vscodium/resources/app/out/vs/code/electron-utility/sharedProcess/sharedProcessMain.js:78:20509)
    at async vu.stat (file:///usr/share/vscodium/resources/app/out/vs/code/electron-utility/sharedProcess/sharedProcessMain.js:77:103140)
    at async du.onDidFilesChange (file:///usr/share/vscodium/resources/app/out/vs/code/electron-utility/sharedProcess/sharedProcessMain.js:77:80829)
2025-01-13 14:08:40.574 [info] Extracted extension to file:///home/blazzee/.vscode-oss/extensions/bbenoist.doxygen-1.0.0-universal: bbenoist.doxygen
2025-01-13 14:08:40.609 [info] Extracted extension to file:///home/blazzee/.vscode-oss/extensions/13xforever.language-x86-64-assembly-3.1.4-universal: 13xforever.language-x86-64-assembly
2025-01-13 14:08:40.615 [info] Renamed to /home/blazzee/.vscode-oss/extensions/bbenoist.doxygen-1.0.0-universal
2025-01-13 14:08:40.650 [info] Renamed to /home/blazzee/.vscode-oss/extensions/13xforever.language-x86-64-assembly-3.1.4-universal
2025-01-13 14:08:41.922 [info] Extracted extension to file:///home/blazzee/.vscode-oss/extensions/jeff-hykin.better-cpp-syntax-1.27.1-universal: jeff-hykin.better-cpp-syntax
2025-01-13 14:08:42.232 [info] Extracted extension to file:///home/blazzee/.vscode-oss/extensions/cheshirekow.cmake-format-0.6.13-universal: cheshirekow.cmake-format
2025-01-13 14:08:42.322 [info] Renamed to /home/blazzee/.vscode-oss/extensions/jeff-hykin.better-cpp-syntax-1.27.1-universal
2025-01-13 14:08:42.370 [info] Renamed to /home/blazzee/.vscode-oss/extensions/cheshirekow.cmake-format-0.6.13-universal
2025-01-13 14:08:44.283 [info] Extracted extension to file:///home/blazzee/.vscode-oss/extensions/franneck94.vscode-c-cpp-config-6.3.0-universal: franneck94.vscode-c-cpp-config
2025-01-13 14:08:44.327 [info] Renamed to /home/blazzee/.vscode-oss/extensions/franneck94.vscode-c-cpp-config-6.3.0-universal
2025-01-13 14:08:44.416 [error] [uncaught exception in sharedProcess]: Error: ENOENT: no such file or directory, stat '/home/blazzee/.vscode-oss/extensions/extensions.json.vsctmp': EntryNotFound (FileSystemError): Error: ENOENT: no such file or directory, stat '/home/blazzee/.vscode-oss/extensions/extensions.json.vsctmp'
    at Kv.create (file:///usr/share/vscodium/resources/app/out/vs/code/electron-utility/sharedProcess/sharedProcessMain.js:35:44554)
    at xi (file:///usr/share/vscodium/resources/app/out/vs/code/electron-utility/sharedProcess/sharedProcessMain.js:35:44661)
    at jn.toFileSystemProviderError (file:///usr/share/vscodium/resources/app/out/vs/code/electron-utility/sharedProcess/sharedProcessMain.js:78:28652)
    at jn.stat (file:///usr/share/vscodium/resources/app/out/vs/code/electron-utility/sharedProcess/sharedProcessMain.js:78:20509)
    at async vu.stat (file:///usr/share/vscodium/resources/app/out/vs/code/electron-utility/sharedProcess/sharedProcessMain.js:77:103140)
    at async du.onDidFilesChange (file:///usr/share/vscodium/resources/app/out/vs/code/electron-utility/sharedProcess/sharedProcessMain.js:77:80829)
2025-01-13 14:08:53.065 [info] Extracted extension to file:///home/blazzee/.vscode-oss/extensions/cschlosser.doxdocgen-1.4.0-universal: cschlosser.doxdocgen
2025-01-13 14:08:53.401 [info] Renamed to /home/blazzee/.vscode-oss/extensions/cschlosser.doxdocgen-1.4.0-universal
2025-01-13 14:08:53.489 [error] [uncaught exception in sharedProcess]: Error: ENOENT: no such file or directory, stat '/home/blazzee/.vscode-oss/extensions/extensions.json.vsctmp': EntryNotFound (FileSystemError): Error: ENOENT: no such file or directory, stat '/home/blazzee/.vscode-oss/extensions/extensions.json.vsctmp'
    at Kv.create (file:///usr/share/vscodium/resources/app/out/vs/code/electron-utility/sharedProcess/sharedProcessMain.js:35:44554)
    at xi (file:///usr/share/vscodium/resources/app/out/vs/code/electron-utility/sharedProcess/sharedProcessMain.js:35:44661)
    at jn.toFileSystemProviderError (file:///usr/share/vscodium/resources/app/out/vs/code/electron-utility/sharedProcess/sharedProcessMain.js:78:28652)
    at jn.stat (file:///usr/share/vscodium/resources/app/out/vs/code/electron-utility/sharedProcess/sharedProcessMain.js:78:20509)
    at async vu.stat (file:///usr/share/vscodium/resources/app/out/vs/code/electron-utility/sharedProcess/sharedProcessMain.js:77:103140)
    at async du.onDidFilesChange (file:///usr/share/vscodium/resources/app/out/vs/code/electron-utility/sharedProcess/sharedProcessMain.js:77:80829)
2025-01-13 14:09:56.217 [info] Extracted extension to file:///home/blazzee/.vscode-oss/extensions/twxs.cmake-0.0.17-universal: twxs.cmake
2025-01-13 14:09:56.502 [info] Renamed to /home/blazzee/.vscode-oss/extensions/twxs.cmake-0.0.17-universal
2025-01-13 14:09:56.710 [info] Extension installed successfully: franneck94.vscode-c-cpp-dev-extension-pack vscode-userdata:/home/blazzee/.vscode-oss/extensions/extensions.json
2025-01-13 14:09:56.711 [info] Extension installed successfully: bbenoist.doxygen vscode-userdata:/home/blazzee/.vscode-oss/extensions/extensions.json
2025-01-13 14:09:56.711 [info] Extension installed successfully: 13xforever.language-x86-64-assembly vscode-userdata:/home/blazzee/.vscode-oss/extensions/extensions.json
2025-01-13 14:09:56.712 [info] Extension installed successfully: jeff-hykin.better-cpp-syntax vscode-userdata:/home/blazzee/.vscode-oss/extensions/extensions.json
2025-01-13 14:09:56.712 [info] Extension installed successfully: cheshirekow.cmake-format vscode-userdata:/home/blazzee/.vscode-oss/extensions/extensions.json
2025-01-13 14:09:56.712 [info] Extension installed successfully: franneck94.vscode-c-cpp-config vscode-userdata:/home/blazzee/.vscode-oss/extensions/extensions.json
2025-01-13 14:09:56.713 [info] Extension installed successfully: cschlosser.doxdocgen vscode-userdata:/home/blazzee/.vscode-oss/extensions/extensions.json
2025-01-13 14:09:56.713 [info] Extension installed successfully: twxs.cmake vscode-userdata:/home/blazzee/.vscode-oss/extensions/extensions.json
2025-01-13 14:15:42.997 [info] Getting Manifest... kylinideteam.cppdebug
2025-01-13 14:15:45.237 [info] Installing extension: kylinideteam.cppdebug {"isMachineScoped":false,"installPreReleaseVersion":false,"pinned":false,"profileLocation":{"$mid":1,"external":"vscode-userdata:/home/blazzee/.vscode-oss/extensions/extensions.json","path":"/home/blazzee/.vscode-oss/extensions/extensions.json","scheme":"vscode-userdata"},"installOnlyNewlyAddedFromExtensionPack":true,"isApplicationScoped":false,"productVersion":{"version":"1.96.2","date":"2025-01-13T07:48:49.412Z"}}
2025-01-13 14:19:17.119 [info] Extracted extension to file:///home/blazzee/.vscode-oss/extensions/kylinideteam.cppdebug-0.0.8-linux-x64: kylinideteam.cppdebug
2025-01-13 14:19:17.383 [info] Renamed to /home/blazzee/.vscode-oss/extensions/kylinideteam.cppdebug-0.0.8-linux-x64
2025-01-13 14:19:18.084 [info] Extension installed successfully: kylinideteam.cppdebug vscode-userdata:/home/blazzee/.vscode-oss/extensions/extensions.json
